<?xml version="1.0" encoding="UTF-8"?>
<testsuite xmlns:xsi="http://www.w3.org/2001/XMLSchema-instance" xsi:schemaLocation="https://maven.apache.org/surefire/maven-surefire-plugin/xsd/surefire-test-report.xsd" name="com.simbirsoft.autotests.simbirsoftcom.MainPageTest" time="12.631" tests="1" errors="0" skipped="0" failures="1">
  <properties>
[...]
</properties>
  <testcase name="case00" classname="com.simbirsoft.autotests.simbirsoftcom.MainPageTest" time="5.805">
    <failure message="Case 00 is failed. http://somesite.com is responding" type="java.lang.AssertionError">java.lang.AssertionError: Case 00 is failed. http://somesite.com is responding
	at com.simbirsoft.autotests.simbirsoftcom.MainPageTest.case00(MainPageTest.java:33)
</failure>
    <system-out><![CDATA[http://simbirsoft.com title is Создаем программное обеспечение для бизнеса - SimbirSoft
]]></system-out>
    <system-err><![CDATA[Starting ChromeDriver 2.29.461591 (62ebf098771772160f391d75e589dc567915b233) on port 39027
Only local connections are allowed.
ноя 09, 2017 4:59:24 PM org.openqa.selenium.remote.ProtocolHandshake createSession
INFO: Detected dialect: OSS
]]></system-err>
  </testcase>
</testsuite>